[0424/000932.671:ERROR:process_reader_win.cc(123)] NtOpenThread: {Odmowa dostêpu} Proces za¿¹da³ dostêpu do obiektu, ale prawa dostêpu nie zosta³y przyznane. (0xc0000022)
[0424/000933.571:ERROR:exception_snapshot_win.cc(98)] thread ID 3956 not found in process
[0424/000934.660:ERROR:process_info.cc(329)] VirtualQueryEx: Odmowa dostêpu. (0x5)
[0424/000934.661:ERROR:process_info.cc(556)] ReadMemoryInfo failed
[0424/000934.839:ERROR:process_info.cc(329)] VirtualQueryEx: Odmowa dostêpu. (0x5)
[0424/000934.839:ERROR:process_info.cc(556)] ReadMemoryInfo failed
[0424/000934.977:ERROR:process_info.cc(329)] VirtualQueryEx: Odmowa dostêpu. (0x5)
[0424/000934.978:ERROR:process_info.cc(556)] ReadMemoryInfo failed
[0424/000935.088:ERROR:process_info.cc(329)] VirtualQueryEx: Odmowa dostêpu. (0x5)
[0424/000935.089:ERROR:process_info.cc(556)] ReadMemoryInfo failed
[0424/000935.108:ERROR:process_info.cc(329)] VirtualQueryEx: Odmowa dostêpu. (0x5)
[0424/000935.109:ERROR:process_info.cc(556)] ReadMemoryInfo failed
[0424/000935.109:ERROR:scoped_process_suspend.cc(40)] NtResumeProcess: Podjêto próbê uzyskania dostêpu do procesu koñcz¹cego dzia³anie. (0xc000010a)
[0424/000935.090:ERROR:scoped_process_suspend.cc(40)] NtResumeProcess: Podjêto próbê uzyskania dostêpu do procesu koñcz¹cego dzia³anie. (0xc000010a)
[0424/000934.978:ERROR:scoped_process_suspend.cc(40)] NtResumeProcess: Podjêto próbê uzyskania dostêpu do procesu koñcz¹cego dzia³anie. (0xc000010a)
[0424/000934.839:ERROR:scoped_process_suspend.cc(40)] NtResumeProcess: Podjêto próbê uzyskania dostêpu do procesu koñcz¹cego dzia³anie. (0xc000010a)
[0424/000934.662:ERROR:scoped_process_suspend.cc(40)] NtResumeProcess: Podjêto próbê uzyskania dostêpu do procesu koñcz¹cego dzia³anie. (0xc000010a)
[0424/000935.453:ERROR:process_info.cc(329)] VirtualQueryEx: Odmowa dostêpu. (0x5)
[0424/000935.453:ERROR:process_info.cc(556)] ReadMemoryInfo failed
[0424/000935.453:ERROR:scoped_process_suspend.cc(40)] NtResumeProcess: Podjêto próbê uzyskania dostêpu do procesu koñcz¹cego dzia³anie. (0xc000010a)
[0424/000935.647:ERROR:process_info.cc(329)] VirtualQueryEx: Odmowa dostêpu. (0x5)
[0424/000935.647:ERROR:process_info.cc(556)] ReadMemoryInfo failed
[0424/000935.647:ERROR:scoped_process_suspend.cc(40)] NtResumeProcess: Podjêto próbê uzyskania dostêpu do procesu koñcz¹cego dzia³anie. (0xc000010a)
[0424/000935.658:ERROR:process_info.cc(329)] VirtualQueryEx: Odmowa dostêpu. (0x5)
[0424/000935.658:ERROR:process_info.cc(556)] ReadMemoryInfo failed
[0424/000935.659:ERROR:scoped_process_suspend.cc(40)] NtResumeProcess: Podjêto próbê uzyskania dostêpu do procesu koñcz¹cego dzia³anie. (0xc000010a)
[0607/223010.455:ERROR:process_reader_win.cc(123)] NtOpenThread: {Odmowa dostêpu} Proces za¿¹da³ dostêpu do obiektu, ale prawa dostêpu nie zosta³y przyznane. (0xc0000022)
[0607/223010.773:ERROR:exception_snapshot_win.cc(98)] thread ID 3244 not found in process
